Compilación iniciada a las 10/08/2014 01:13:23 p.m..
     1>Proyecto "C:\Users\victor\Documents\GitHub\Engine-DX11\engine\engine\engine.vcxproj" en el nodo 2 (build destinos).
     1>InitializeBuildStatus:
         Aplicando tarea Touch a "Debug\engine.unsuccessfulbuild".
       ClCompile:
         C:\Program Files (x86)\Microsoft Visual Studio 10.0\VC\bin\CL.exe /c /ZI /nologo /W3 /WX- /Od /Oy- /D WIN32 /D _DEBUG /D _WINDOWS /D _UNICODE /D UNICODE /Gm /EHsc /RTC1 /MDd /GS /fp:precise /Zc:wchar_t /Zc:forScope /Fo"Debug\\" /Fd"Debug\vc100.pdb" /Gd /TP /analyze- /errorReport:prompt Tutorial02.cpp
         Tutorial02.cpp
       ManifestResourceCompile:
         C:\Program Files (x86)\Microsoft SDKs\Windows\v7.0A\bin\rc.exe /nologo /fo"Debug\engine.exe.embed.manifest.res" Debug\engine_manifest.rc 
       Link:
         C:\Program Files (x86)\Microsoft Visual Studio 10.0\VC\bin\link.exe /ERRORREPORT:PROMPT /OUT:"C:\Users\victor\Documents\GitHub\Engine-DX11\engine\Debug\engine.exe" /INCREMENTAL /NOLOGO kernel32.lib user32.lib gdi32.lib winspool.lib comdlg32.lib advapi32.lib shell32.lib ole32.lib oleaut32.lib uuid.lib odbc32.lib odbccp32.lib /MANIFEST /ManifestFile:"Debug\engine.exe.intermediate.manifest" /MANIFESTUAC:"level='asInvoker' uiAccess='false'" /DEBUG /PDB:"C:\Users\victor\Documents\GitHub\Engine-DX11\engine\Debug\engine.pdb" /SUBSYSTEM:WINDOWS /TLBID:1 /DYNAMICBASE /NXCOMPAT /IMPLIB:"C:\Users\victor\Documents\GitHub\Engine-DX11\engine\Debug\engine.lib" /MACHINE:X86 Debug\engine.exe.embed.manifest.res
         Debug\Tutorial02.obj
     1>Tutorial02.obj : error LNK2019: símbolo externo _D3DX10CreateEffectFromFileW@48 sin resolver al que se hace referencia en la función "long __cdecl InitDevice(void)" (?InitDevice@@YAJXZ)
     1>Tutorial02.obj : error LNK2019: símbolo externo _D3D10CreateDeviceAndSwapChain@32 sin resolver al que se hace referencia en la función "long __cdecl InitDevice(void)" (?InitDevice@@YAJXZ)
     1>C:\Users\victor\Documents\GitHub\Engine-DX11\engine\Debug\engine.exe : fatal error LNK1120: 2 externos sin resolver
     1>Compilación del proyecto terminada "C:\Users\victor\Documents\GitHub\Engine-DX11\engine\engine\engine.vcxproj" (build destinos) -- ERROR.

ERROR al compilar.

Tiempo transcurrido 00:00:01.05
